<?xml version="1.0" encoding="UTF-8"?>
<!-- Generated by org.testng.reporters.JUnitReportReporter -->
<testsuite hostname="ShigaLaptop" failures="0" tests="10" name="com.tests.testNG.AssignmentDataproviderTest" time="133.893" errors="1" timestamp="2023-10-22T16:22:11 EDT" skipped="0">
  <testcase classname="com.tests.testNG.AssignmentDataproviderTest" name="loginTest" time="13.795"/>
  <system-out/>
  <testcase classname="com.tests.testNG.AssignmentDataproviderTest" name="loginTest" time="13.283"/>
  <system-out/>
  <testcase classname="com.tests.testNG.AssignmentDataproviderTest" name="loginTest" time="12.860"/>
  <system-out/>
  <testcase classname="com.tests.testNG.AssignmentDataproviderTest" name="loginTest" time="11.930"/>
  <system-out/>
  <testcase classname="com.tests.testNG.AssignmentDataproviderTest" name="loginTest" time="15.908"/>
  <system-out/>
  <testcase classname="com.tests.testNG.AssignmentDataproviderTest" name="loginTest" time="13.741"/>
  <system-out/>
  <testcase classname="com.tests.testNG.AssignmentDataproviderTest" name="loginTest" time="13.538"/>
  <system-out/>
  <testcase classname="com.tests.testNG.AssignmentDataproviderTest" name="loginTest" time="12.938">
    <error message="WebDriver session does not exist, or is not active
Build info: version: &#039;4.13.0&#039;, revision: &#039;ba948ece5b*&#039;
System info: os.name: &#039;Windows 11&#039;, os.arch: &#039;amd64&#039;, os.version: &#039;10.0&#039;, java.version: &#039;19.0.1&#039;
Driver info: org.openqa.selenium.firefox.FirefoxDriver
Command: [f6c7c841-c788-4834-9fd6-c35a91373f2d, quit {}]
Capabilities {acceptInsecureCerts: true, browserName: firefox, browserVersion: 118.0.2, moz:accessibilityChecks: false, moz:buildID: 20231009140911, moz:debuggerAddress: 127.0.0.1:43074, moz:geckodriverVersion: 0.33.0, moz:headless: false, moz:platformVersion: 10.0, moz:processID: 21520, moz:profile: C:\Users\shiga\AppData\Loca..., moz:shutdownTimeout: 60000, moz:webdriverClick: true, moz:windowless: false, pageLoadStrategy: normal, platformName: windows, proxy: Proxy(), se:cdp: ws://127.0.0.1:43074/devtoo..., se:cdpVersion: 85.0, setWindowRect: true, strictFileInteractability: false, timeouts: {implicit: 0, pageLoad: 300000, script: 30000}, unhandledPromptBehavior: dismiss and notify}
Session ID: f6c7c841-c788-4834-9fd6-c35a91373f2d" type="org.openqa.selenium.NoSuchSessionException">
      <![CDATA[org.openqa.selenium.NoSuchSessionException: WebDriver session does not exist, or is not active
Build info: version: '4.13.0', revision: 'ba948ece5b*'
System info: os.name: 'Windows 11', os.arch: 'amd64', os.version: '10.0', java.version: '19.0.1'
Driver info: org.openqa.selenium.firefox.FirefoxDriver
Command: [f6c7c841-c788-4834-9fd6-c35a91373f2d, quit {}]
Capabilities {acceptInsecureCerts: true, browserName: firefox, browserVersion: 118.0.2, moz:accessibilityChecks: false, moz:buildID: 20231009140911, moz:debuggerAddress: 127.0.0.1:43074, moz:geckodriverVersion: 0.33.0, moz:headless: false, moz:platformVersion: 10.0, moz:processID: 21520, moz:profile: C:\Users\shiga\AppData\Loca..., moz:shutdownTimeout: 60000, moz:webdriverClick: true, moz:windowless: false, pageLoadStrategy: normal, platformName: windows, proxy: Proxy(), se:cdp: ws://127.0.0.1:43074/devtoo..., se:cdpVersion: 85.0, setWindowRect: true, strictFileInteractability: false, timeouts: {implicit: 0, pageLoad: 300000, script: 30000}, unhandledPromptBehavior: dismiss and notify}
Session ID: f6c7c841-c788-4834-9fd6-c35a91373f2d
at java.base/jdk.internal.reflect.DirectConstructorHandleAccessor.newInstance(DirectConstructorHandleAccessor.java:67)
at java.base/java.lang.reflect.Constructor.newInstanceWithCaller(Constructor.java:500)
at java.base/java.lang.reflect.Constructor.newInstance(Constructor.java:484)
at org.openqa.selenium.remote.codec.w3c.W3CHttpResponseCodec.createException(W3CHttpResponseCodec.java:200)
at org.openqa.selenium.remote.codec.w3c.W3CHttpResponseCodec.decode(W3CHttpResponseCodec.java:133)
at org.openqa.selenium.remote.codec.w3c.W3CHttpResponseCodec.decode(W3CHttpResponseCodec.java:52)
at org.openqa.selenium.remote.HttpCommandExecutor.execute(HttpCommandExecutor.java:191)
at org.openqa.selenium.remote.service.DriverCommandExecutor.invokeExecute(DriverCommandExecutor.java:196)
at org.openqa.selenium.remote.service.DriverCommandExecutor.lambda$execute$1(DriverCommandExecutor.java:128)
at java.base/java.util.concurrent.CompletableFuture$AsyncSupply.run(CompletableFuture.java:1768)
at java.base/java.util.concurrent.ThreadPoolExecutor.runWorker(ThreadPoolExecutor.java:1144)
at java.base/java.util.concurrent.ThreadPoolExecutor$Worker.run(ThreadPoolExecutor.java:642)
at java.base/java.lang.Thread.run(Thread.java:1589)
]]>
    </error>
  </testcase> <!-- loginTest -->
  <system-out/>
  <testcase classname="com.tests.testNG.AssignmentDataproviderTest" name="loginTest" time="13.416"/>
  <system-out/>
  <testcase classname="com.tests.testNG.AssignmentDataproviderTest" name="loginTest" time="12.484"/>
  <system-out/>
</testsuite> <!-- com.tests.testNG.AssignmentDataproviderTest -->
