<?xml version="1.0" encoding="UTF-8"?>
<!-- Generated by org.testng.reporters.JUnitReportReporter -->
<testsuite hostname="ShigaLaptop" failures="0" tests="1" name="Salesforce.SalesforceScript.SaleforceAutomation2" time="8.617" errors="0" timestamp="2023-10-28T14:49:34 EDT" skipped="0">
  <testcase classname="Salesforce.SalesforceScript.SaleforceAutomation2" name="login_SalesForceCase4A" time="8.617"/>
  <system-out/>
</testsuite> <!-- Salesforce.SalesforceScript.SaleforceAutomation2 -->
